<?xml version="1.0" encoding="UTF-8"?>
<!-- Generated by org.testng.reporters.JUnitXMLReporter -->
<testsuite ignored="0" hostname="praveen" failures="1" tests="3" name="Test" time="0.06" errors="0" timestamp="2023-06-30T10:45:12 IST">
  <testcase classname="LISTners.runner_DEPEND" name="test1" time="0.007"/>
  <testcase classname="LISTners.runner_DEPEND" name="test2" time="0.004">
    <failure type="java.lang.AssertionError" message="null">
      <![CDATA[java.lang.AssertionError: null
at LISTners.runner_DEPEND.test2(runner_DEPEND.java:18)
at java.base/java.util.ArrayList.forEach(ArrayList.java:1511)
... Removed 29 stack frames]]>
    </failure>
  </testcase> <!-- test2 -->
  <testcase classname="LISTners.runner_DEPEND" name="test3" time="0.0">
    <skipped/>
  </testcase> <!-- test3 -->
</testsuite> <!-- Test -->
